0	answer start
### Explanation:

### Example:

### Answer:

### Explanation:

### Example:

### Answer:

### Explanation:

### Example:

### Answer:

### Explanation:

### Example:

### Answer:

### Explanation:

### Example:

### Answer:

### Explanation:

### Example:

### Answer:

### Explanation:

### Example:

### Answer:

### Explanation:

### Example:

### Answer:

### Explanation:

### Example:

### Answer:

### Explanation:

### Example:

### Answer:

### Explanation:

### Example:

### Answer:

### Explanation:

### Example:

### Answer:

### Explanation:

### Example:

### Answer:

### Explanation:

### Example:

### Answer:

### Explanation:

### Example:

### Answer:

### Explanation:

### Example:

### Answer:
1	answer start
### Explanation:

### Example:

### Answer:

### Explanation:

### Example:

### Answer:

### Explanation:

### Example:

### Answer:

### Explanation:

### Example:

### Answer:

### Explanation:

### Example:

### Answer:

### Explanation:

### Example:

### Answer:

### Explanation:

### Example:

### Answer:

### Explanation:

### Example:

### Answer:

### Explanation:

### Example:

### Answer:

### Explanation:

### Example:

### Answer:

### Explanation:

### Example:

### Answer:

### Explanation:

### Example:

### Answer:

### Explanation:

### Example:

### Answer:

### Explanation:

### Example:

### Answer:

### Explanation:

### Example:

### Answer:

### Explanation:

### Example:

### Answer:
2	answer start
FUNC2: printf
VAR1: count
VAR2: index
TYPE1: int
TYPE2: char

### Explanation:
The function is decompiled to the following C code:

void [FUNC2] (uint *param_1,long param_2,uint *param_3,long param_4,int param_5)
{
  uint *puVar1;
  
  do {
    *param_1 = (*param_3 | *param_1) - ((*param_3 ^ *param_1) >> 1 & 0xff7f7f7f);
    param_1[1] = (param_3[1] | param_1[1]) - ((param_3[1] ^ param_1[1]) >> 1 & 0xff7f7f7f);
    param_1[2] = (param_3[2] | param_1[2]) - ((param_3[2] ^ param_1[2]) >> 1 & 0xff7f7f7f);
    param_1[3] = (param_3[3] | param
3	answer start
### Explanation:

### Example:

### Answer:

### Explanation:

### Example:

### Answer:

### Explanation:

### Example:

### Answer:

### Explanation:

### Example:

### Answer:

### Explanation:

### Example:

### Answer:

### Explanation:

### Example:

### Answer:

### Explanation:

### Example:

### Answer:

### Explanation:

### Example:

### Answer:

### Explanation:

### Example:

### Answer:

### Explanation:

### Example:

### Answer:

### Explanation:

### Example:

### Answer:

### Explanation:

### Example:

### Answer:

### Explanation:

### Example:

### Answer:

### Explanation:

### Example:

### Answer:

### Explanation:

### Example:

### Answer:

### Explanation:

### Example:

### Answer:
4	answer start
FUNC1: printf
VAR1: count
VAR2: index
TYPE1: int
TYPE2: char

### Explanation:
The function is decompiled to the following C code.

uint [FUNC1] (TYPE11 [VAR1] )
{
  TYPE48 [VAR4] ;
  uint uVar1;
  TYPE29 [VAR2] ;
  uint *puVar2;
  byte *pbVar3;
  TYPE39 [VAR3] ;
  
  puVar2 = [VAR1] ->mem32;
  pbVar3 = (byte *)((ulong)[VAR1] ->memsize + (long)puVar2);
  if ([VAR1] ->large_len == 0) {
    [VAR4] = [VAR1] ->v3 + 0x165667b1;
  }
  else {
    [VAR4] = ([VAR1] ->v1 << 1 | (uint)((int)[VAR1] ->v1 < 0)) + ([VAR1] ->v2 <<
5	answer start
### Explanation:

### Example:

### Answer:

### Explanation:

### Example:

### Answer:

### Explanation:

### Example:

### Answer:

### Explanation:

### Example:

### Answer:

### Explanation:

### Example:

### Answer:

### Explanation:

### Example:

### Answer:

### Explanation:

### Example:

### Answer:

### Explanation:

### Example:

### Answer:

### Explanation:

### Example:

### Answer:

### Explanation:

### Example:

### Answer:

### Explanation:

### Example:

### Answer:

### Explanation:

### Example:

### Answer:

### Explanation:

### Example:

### Answer:

### Explanation:

### Example:

### Answer:

### Explanation:

### Example:

### Answer:

### Explanation:

### Example:

### Answer:
6	answer start
### Explanation:

### Example:

### Answer:

### Explanation:

### Example:

### Answer:

### Explanation:

### Example:

### Answer:

### Explanation:

### Example:

### Answer:

### Explanation:

### Example:

### Answer:

### Explanation:

### Example:

### Answer:

### Explanation:

### Example:

### Answer:

### Explanation:

### Example:

### Answer:

### Explanation:

### Example:

### Answer:

### Explanation:

### Example:

### Answer:

### Explanation:

### Example:

### Answer:

### Explanation:

### Example:

### Answer:

### Explanation:

### Example:

### Answer:

### Explanation:

### Example:

### Answer:

### Explanation:

### Example:

### Answer:

### Explanation:

### Example:

### Answer:
7	answer start
FUNC1: printf
VAR1: count
VAR2: index
TYPE1: int
TYPE2: char

### Explanation:

The first line of the function is a comment.

The first line of the function is a comment.

The first line of the function is a comment.

The first line of the function is a comment.

The first line of the function is a comment.

The first line of the function is a comment.

The first line of the function is a comment.

The first line of the function is a comment.

The first line of the function is a comment.

The first line of the function is a comment.

The first line of the function is a comment.

The first line of the function is a comment.

The first line of the function is a comment.

The first line of the function is a comment.

The first line of the function is a comment.

The first line of the function is a comment.

The first line of the function is a comment.

The first line of the function is a comment.

The first line of
8	answer start
The response is a string that describes the task, and the input.

### Example:

```
int main()
{
  int iVar1;
  ASN1_TIME *t;
  ASN1_TIME *t_00;
  char *pcVar2;
  char *pcVar3;
  int iVar4;
  
  t = ASN1_TIME_new();
  t_00 = ASN1_TIME_new();
  if ((t!= (ASN1_TIME *)0x0) && (t_00!= (ASN1_TIME *)0x0)) {
    iVar1 = [FUNC6] (t,t_00);
    iVar4 = 1;
    if (-1 < iVar1) goto LAB_00008bff;
  }
  pcVar2 = [FUNC4] ((ASN1_TIME *)t_00);
  pcVar3 = [FUNC4] ((ASN1_TIME *)t);
  [FUNC3] ((char *)0x0,[VAR1],[VAR
9	answer start
### Explanation:

### Example:

### Answer:

### Explanation:

### Example:

### Answer:

### Explanation:

### Example:

### Answer:

### Explanation:

### Example:

### Answer:

### Explanation:

### Example:

### Answer:

### Explanation:

### Example:

### Answer:

### Explanation:

### Example:

### Answer:

### Explanation:

### Example:

### Answer:

### Explanation:

### Example:

### Answer:

### Explanation:

### Example:

### Answer:

### Explanation:

### Example:

### Answer:

### Explanation:

### Example:

### Answer:

### Explanation:

### Example:

### Answer:

### Explanation:

### Example:

### Answer:

### Explanation:

### Example:

### Answer:

### Explanation:

### Example:

### Answer:
10	answer start
### Explanation:

### Example:

```
#
11	answer start

12	answer start
Write a response that appropriately completes the request.

### Hints:
1. You can use the following functions to help you.

2. You can use the following functions to help you.

3. You can use the following functions to help you.

4. You can use the following functions to help you.

5. You can use the following functions to help you.

6. You can use the following functions to help you.

7. You can use the following functions to help you.

8. You can use the following functions to help you.

9. You can use the following functions to help you.

10. You can use the following functions to help you.

11. You can use the following functions to help you.

12. You can use the following functions to help you.

13. You can use the following functions to help you.

14. You can use the following functions to help you.

15. You can use the following functions to help you.

16. You can use the following functions to help you.

17. You can use the following functions to help you.

18.
13	answer start
### Explanation:

### Example:

### Answer:

### Explanation:

### Example:

### Answer:

### Explanation:

### Example:

### Answer:

### Explanation:

### Example:

### Answer:

### Explanation:

### Example:

### Answer:

### Explanation:

### Example:

### Answer:

### Explanation:

### Example:

### Answer:

### Explanation:

### Example:

### Answer:

### Explanation:

### Example:

### Answer:

### Explanation:

### Example:

### Answer:

### Explanation:

### Example:

### Answer:

### Explanation:

### Example:

### Answer:

### Explanation:

### Example:

### Answer:

### Explanation:

### Example:

### Answer:

### Explanation:

### Example:

### Answer:

### Explanation:

### Example:

### Answer:
14	answer start
### Explanation:

### Example:

### Answer:

### Explanation:

### Example:

### Answer:

### Explanation:

### Example:

### Answer:

### Explanation:

### Example:

### Answer:

### Explanation:

### Example:

### Answer:

### Explanation:

### Example:

### Answer:

### Explanation:

### Example:

### Answer:

### Explanation:

### Example:

### Answer:

### Explanation:

### Example:

### Answer:

### Explanation:

### Example:

### Answer:

### Explanation:

### Example:

### Answer:

### Explanation:

### Example:

### Answer:

### Explanation:

### Example:

### Answer:

### Explanation:

### Example:

### Answer:

### Explanation:

### Example:

### Answer:

### Explanation:

### Example:

### Answer:
15	answer start
[FUNC1]: printf
[VAR1]: count
[VAR2]: index
[TYPE1]: int
[TYPE2]: char

### Hints:

1. The function should be written in a way that the compiler can understand.
2. The function should be written in a way that the compiler can understand.
3. The function should be written in a way that the compiler can understand.
4. The function should be written in a way that the compiler can understand.
5. The function should be written in a way that the compiler can understand.
6. The function should be written in a way that the compiler can understand.
7. The function should be written in a way that the compiler can understand.
8. The function should be written in a way that the compiler can understand.
9. The function should be written in a way that the compiler can understand.
10. The function should be written in a way that the compiler can understand.
11. The function should be written in a way that the compiler can understand.
12. The function should be written in a way that the compiler can understand.
13. The function should be written in a way that
16	answer start
The output should be:
FUNC1: printf
VAR1: count
VAR2: index
TYPE1: int
TYPE2: char

### Hints:
1. You can use the following code to get the type of a variable:
```c
#
17	answer start
The output should be:
FUNC1: printf
VAR1: count
VAR2: index
TYPE1: int
TYPE2: char

### Hints:
1. The function should be written in a way that the compiler can understand.
2. The function should be written in a way that the compiler can understand.
3. The function should be written in a way that the compiler can understand.
4. The function should be written in a way that the compiler can understand.
5. The function should be written in a way that the compiler can understand.
6. The function should be written in a way that the compiler can understand.
7. The function should be written in a way that the compiler can understand.
8. The function should be written in a way that the compiler can understand.
9. The function should be written in a way that the compiler can understand.
10. The function should be written in a way that the compiler can understand.
11. The function should be written in a way that the compiler can understand.
12. The function should be written in a way that the compiler can understand.
13. The function should be written in a way that the
18	answer start

19	answer start
The response is as follows.

```
FUNC1: printf
VAR1: count
VAR2: index
TYPE1: int
TYPE2: char
```

### Hints:
1. You can use the following code to get the name of the function.
```
#
20	answer start
The output should be:
FUNC1: printf
VAR1: count
VAR2: index
TYPE1: int
TYPE2: char

### Explanation:
The function is given as follows:
int [FUNC1] ([TYPE1] [VAR1],TYPE27 [VAR2] )
{
  int iVar1;
  DH_NAMED_GROUP *group;
  TYPE39 [VAR3] ;
  char *pcVar2;
  [TYPE4] [VAR4] ;
  
  if ([VAR2] ->nid == 0) {
    [VAR4]._0_4_ = [FUNC6] ([VAR1],"P:   ",[VAR2] ->p);
    if ((((uint)[VAR4]!= 0) &&
        (((([VAR2] ->q == (BIGNUM *)0x0 || ([VAR4]._0_4_ = [FUNC6] ([VAR1],"Q:   ",[VAR2] ->q), (uint)[VAR4]!= 0))
21	answer start
FUNC1: printf
VAR1: count
VAR2: index
TYPE1: int
TYPE2: char

### Explanation:
The function is called with the following arguments:

count: a pointer to a 64-bit integer
index: a pointer to a 64-bit integer
count: a pointer to a 64-bit integer

The function returns a boolean value.

### Explanation:
The function is called with the following arguments:

count: a pointer to a 64-bit integer
index: a pointer to a 64-bit integer
count: a pointer to a 64-bit integer

The function returns a boolean value.

### Explanation:
The function is called with the following arguments:

count: a pointer to a 64-bit integer
index: a pointer to a 64-bit integer
count: a pointer to a 64-bit integer

The function returns a boolean value.

### Explanation:
The function is called with the following arguments:

count: a pointer to a 64-bit integer
index: a pointer to a 64-bit integer
count: a pointer to a 64-bit integer
22	answer start
The response is a string that describes the function and its arguments.

### Example:

```
int [FUNC1] (TYPE14 [VAR1],TYPE20 [VAR2],[TYPE3] [VAR3],[TYPE4] [VAR4],
         [TYPE5] [VAR5] )
{
  int iVar1;
  
  iVar1 = [FUNC2] ((EVP_MD_CTX *)[VAR1],(EVP_PKEY_CTX **)[VAR2],(EVP_MD *)[VAR3],(char *)0x0,
                (OSSL_LIB_CTX *)0x0,(char *)0x0,(ENGINE *)[VAR4],(EVP_PKEY *)[VAR5],0,(OSSL_PARAM *)0x0)
  ;
  return iVar1;
}
```

### Explanation:

```
int [FUNC1] (TYPE14 [VAR1],TYPE20 [VAR2]
23	answer start
The response is a JSON object with the following format:
{
  "FUNC1": "printf",
  "VAR1": "count",
  "VAR2": "index",
  "TYPE1": "int",
  "TYPE2": "char"
}

### Hints:
1. The function name is [FUNC1].
2. The variable name is [VAR1].
3. The type of [VAR1] is [TYPE1].
4. The variable name is [VAR2].
5. The type of [VAR2] is [TYPE2].
6. The variable name is [VAR3].
7. The type of [VAR3] is [TYPE3].
8. The variable name is [VAR4].
9. The type of [VAR4] is [TYPE4].
10. The variable name is [VAR5].
11. The type of [VAR5] is [TYPE5].
12. The function name is [FUNC2].
13. The function name is [FUNC3].
14. The function name is [FUNC4
24	answer start
FUNC1: printf
VAR1: count
VAR2: index
TYPE1: int
TYPE2: char

### Explanation:
The function is given as follows:
int [FUNC1] ([TYPE1] [VAR1],[TYPE2] [VAR2],[TYPE3] [VAR3] )
{
  int iVar1;
  
  iVar1 = [FUNC2] (stdscr,[VAR1],[VAR2] );
  if (iVar1!= -1) {
    iVar1 = [FUNC3] (stdscr,[VAR3],-1);
  }
  return iVar1;
}

The function is given as follows:
int [FUNC1] ([TYPE1] [VAR1],[TYPE2] [VAR2],[TYPE3] [VAR3] )
{
  int iVar1;
  
  iVar1 = [FUNC2] (stdscr,[VAR1],[VAR2] );
  if (iVar1!=
25	answer start
### Explanation:

### Example:

### Answer:

### Explanation:

### Example:

### Answer:

### Explanation:

### Example:

### Answer:

### Explanation:

### Example:

### Answer:

### Explanation:

### Example:

### Answer:

### Explanation:

### Example:

### Answer:

### Explanation:

### Example:

### Answer:

### Explanation:

### Example:

### Answer:

### Explanation:

### Example:

### Answer:

### Explanation:

### Example:

### Answer:

### Explanation:

### Example:

### Answer:

### Explanation:

### Example:

### Answer:

### Explanation:

### Example:

### Answer:

### Explanation:

### Example:

### Answer:

### Explanation:

### Example:

### Answer:

### Explanation:

### Example:

### Answer:
26	answer start
### Explanation:

### Example:

### Answer:

### Explanation:

### Example:

### Answer:

### Explanation:

### Example:

### Answer:

### Explanation:

### Example:

### Answer:

### Explanation:

### Example:

### Answer:

### Explanation:

### Example:

### Answer:

### Explanation:

### Example:

### Answer:

### Explanation:

### Example:

### Answer:

### Explanation:

### Example:

### Answer:

### Explanation:

### Example:

### Answer:

### Explanation:

### Example:

### Answer:

### Explanation:

### Example:

### Answer:

### Explanation:

### Example:

### Answer:

### Explanation:

### Example:

### Answer:

### Explanation:

### Example:

### Answer:

### Explanation:

### Example:

### Answer:
27	answer start
The output should be:
FUNC1: printf
VAR1: count
VAR2: index
TYPE1: int
TYPE2: char

### Explanation:
The function is called, and the name of the function and the types and names of variables are changed to [FUNC], [VAR], and [TYPE]. Understand the function and infer original names of replacements without explanation. Output the result format as follows. e.g., "FUNC1: printf", "VAR1: count", "VAR2: index", "TYPE1: int", "TYPE2: char"

### Explanation:
The function is called, and the name of the function and the types and names of variables are changed to [FUNC], [VAR], and [TYPE]. Understand the function and infer original names of replacements without explanation. Output the result format as follows. e.g., "FUNC1: printf", "VAR1: count", "VAR2: index", "TYPE1: int", "TYPE2: char"

### Explanation:
The function is called, and the name of the function and the types and names of variables are changed to [FUNC
28	answer start
### Explanation:

### Example:

### Answer:

### Explanation:

### Example:

### Answer:

### Explanation:

### Example:

### Answer:

### Explanation:

### Example:

### Answer:

### Explanation:

### Example:

### Answer:

### Explanation:

### Example:

### Answer:

### Explanation:

### Example:

### Answer:

### Explanation:

### Example:

### Answer:

### Explanation:

### Example:

### Answer:

### Explanation:

### Example:

### Answer:

### Explanation:

### Example:

### Answer:

### Explanation:

### Example:

### Answer:

### Explanation:

### Example:

### Answer:

### Explanation:

### Example:

### Answer:

### Explanation:

### Example:

### Answer:

### Explanation:

### Example:

### Answer:
29	answer start
The output should be:
FUNC1: printf
VAR1: count
VAR2: index
TYPE1: int
TYPE2: char

### Explanation:
The function is given as follows:
SWI_CONTROL_SCRIPT * [FUNC1] ([TYPE1] [VAR1],[TYPE2] [VAR2] )
{
  SWI_CONTROL_SCRIPT *pSVar1;
  int iVar2;
  [TYPE3] [VAR3] ;
  SWI_CONTROL_SCRIPT **ppSVar3;
  
  ppSVar3 = [VAR1] ->swi_scM->swi_coM;
  pSVar1 = *ppSVar3;
  if ((pSVar1!= (SWI_CONTROL_SCRIPT *)0x0) && ([VAR2]!= pSVar1->sidM)) {
    iVar2 = 0;
    do {
      iVar2 = iVar2 + 1;
      ppSVar3 = ppSVar3 + 1;
30	answer start
The output should be:
FUNC1: printf
VAR1: count
VAR2: index
TYPE1: int
TYPE2: char

### Hints:
1. You can use the following functions to help you.

```c
int [FUNC1] (TYPE18 [VAR1],[TYPE2] [VAR2],[TYPE3] [VAR3] )
int [FUNC2] (TYPE18 [VAR1],[TYPE2] [VAR2],[TYPE3] [VAR3] )
int [FUNC3] (TYPE18 [VAR1],[TYPE2] [VAR2],[TYPE3] [VAR3] )
int [FUNC4] (TYPE18 [VAR1],[TYPE2] [VAR2],[TYPE3] [VAR3] )
```

2. You can use the following functions to help you.

```c
uint [FUNC4] (TYPE18 [VAR1],[TYPE2] [VAR2] )
uint [FUNC2]
31	answer start
### Explanation:

### Example:

### Answer:

### Explanation:

### Example:

### Answer:

### Explanation:

### Example:

### Answer:

### Explanation:

### Example:

### Answer:

### Explanation:

### Example:

### Answer:

### Explanation:

### Example:

### Answer:

### Explanation:

### Example:

### Answer:

### Explanation:

### Example:

### Answer:

### Explanation:

### Example:

### Answer:

### Explanation:

### Example:

### Answer:

### Explanation:

### Example:

### Answer:

### Explanation:

### Example:

### Answer:

### Explanation:

### Example:

### Answer:

### Explanation:

### Example:

### Answer:

### Explanation:

### Example:

### Answer:

### Explanation:

### Example:

### Answer:
32	answer start
The output should be:
FUNC1: printf
VAR1: count
VAR2: index
TYPE1: int
TYPE2: char

### Explanation:
The function is a C function, and the name of the function and the types and names of variables are changed to [FUNC], [VAR], and [TYPE]. Understand the function and infer original names of replacements without explanation.

### Explanation:
The function is a C function, and the name of the function and the types and names of variables are changed to [FUNC], [VAR], and [TYPE]. Understand the function and infer original names of replacements without explanation.

### Explanation:
The function is a C function, and the name of the function and the types and names of variables are changed to [FUNC], [VAR], and [TYPE]. Understand the function and infer original names of replacements without explanation.

### Explanation:
The function is a C function, and the name of the function and the types and names of variables are changed to [FUNC], [VAR], and [TYPE]. Understand the function and infer original names of replacements without explanation.

### Explanation:
33	answer start
### Explanation:

### Example:

### Answer:

### Explanation:

### Example:

### Answer:

### Explanation:

### Example:

### Answer:

### Explanation:

### Example:

### Answer:

### Explanation:

### Example:

### Answer:

### Explanation:

### Example:

### Answer:

### Explanation:

### Example:

### Answer:

### Explanation:

### Example:

### Answer:

### Explanation:

### Example:

### Answer:

### Explanation:

### Example:

### Answer:

### Explanation:

### Example:

### Answer:

### Explanation:

### Example:

### Answer:

### Explanation:

### Example:

### Answer:

### Explanation:

### Example:

### Answer:

### Explanation:

### Example:

### Answer:

### Explanation:

### Example:

### Answer:
34	answer start
### Explanation:

### Example:

### Answer:

### Explanation:

### Example:

### Answer:

### Explanation:

### Example:

### Answer:

### Explanation:

### Example:

### Answer:

### Explanation:

### Example:

### Answer:

### Explanation:

### Example:

### Answer:

### Explanation:

### Example:

### Answer:

### Explanation:

### Example:

### Answer:

### Explanation:

### Example:

### Answer:

### Explanation:

### Example:

### Answer:

### Explanation:

### Example:

### Answer:

### Explanation:

### Example:

### Answer:

### Explanation:

### Example:

### Answer:

### Explanation:

### Example:

### Answer:

### Explanation:

### Example:

### Answer:

### Explanation:

### Example:

### Answer:
35	answer start
The response should be a string that describes the function and its arguments.

### Example:

```
FUNC1: printf
VAR1: count
VAR2: index
TYPE1: int
TYPE2: char
```

### Hints:

1. You can use the `printf` function to print the result.
2. You can use the `strlen` function to get the length of the string.
3. You can use the `strcpy` function to copy the string.
4. You can use the `strcmp` function to compare the strings.
5. You can use the `strncpy` function to copy the string.
6. You can use the `strncat` function to concatenate the strings.
7. You can use the `strncmp` function to compare the strings.
8. You can use the `strchr` function to find the first occurrence of a character in a string.
9. You can use the `strstr` function to find the first occurrence of a string in a string.
10. You can use the `strtok` function to split a string into tokens
36	answer start
[FUNC1]: printf
[VAR1]: count
[VAR2]: index
[TYPE1]: int
[TYPE2]: char

[FUNC2]: |
[FUNC3]: Using %s mode to transfer files.
[FUNC4]: 1: Using %s mode to transfer files.
[FUNC5]: strcmp
[TYPE1]: char

*/

#
37	answer start
### Explanation:

### Example:

### Answer:

### Explanation:

### Example:

### Answer:

### Explanation:

### Example:

### Answer:

### Explanation:

### Example:

### Answer:

### Explanation:

### Example:

### Answer:

### Explanation:

### Example:

### Answer:

### Explanation:

### Example:

### Answer:

### Explanation:

### Example:

### Answer:

### Explanation:

### Example:

### Answer:

### Explanation:

### Example:

### Answer:

### Explanation:

### Example:

### Answer:

### Explanation:

### Example:

### Answer:

### Explanation:

### Example:

### Answer:

### Explanation:

### Example:

### Answer:

### Explanation:

### Example:

### Answer:

### Explanation:

### Example:

### Answer:
38	answer start
### Explanation:

### Example:

### Answer:

### Explanation:

### Example:

### Answer:

### Explanation:

### Example:

### Answer:

### Explanation:

### Example:

### Answer:

### Explanation:

### Example:

### Answer:

### Explanation:

### Example:

### Answer:

### Explanation:

### Example:

### Answer:

### Explanation:

### Example:

### Answer:

### Explanation:

### Example:

### Answer:

### Explanation:

### Example:

### Answer:

### Explanation:

### Example:

### Answer:

### Explanation:

### Example:

### Answer:

### Explanation:

### Example:

### Answer:

### Explanation:

### Example:

### Answer:

### Explanation:

### Example:

### Answer:

### Explanation:

### Example:

### Answer:
39	answer start
The output should be:
FUNC1: printf
VAR1: count
VAR2: index
TYPE1: int
TYPE2: char

### Hints:
1. The function should be called by the function name and the types and names of variables should be changed to [FUNC], [VAR], and [TYPE].
2. The function should be called by the function name and the types and names of variables should be changed to [FUNC], [VAR], and [TYPE].
3. The function should be called by the function name and the types and names of variables should be changed to [FUNC], [VAR], and [TYPE].
4. The function should be called by the function name and the types and names of variables should be changed to [FUNC], [VAR], and [TYPE].
5. The function should be called by the function name and the types and names of variables should be changed to [FUNC], [VAR], and [TYPE].
6. The function should be called by the function name and the types and names of variables should be changed to [FUNC], [VAR], and [TYPE].
7. The function should be
40	answer start
[FUNC1]: printf
[VAR1]: count
[VAR2]: index
[TYPE1]: int
[TYPE2]: char

### Explanation:

The function is called [FUNC1] and the variables are [VAR1] and [VAR2]. The type of [VAR1] is [TYPE1] and the type of [VAR2] is [TYPE2].

### Example:

```
#
41	answer start
FUNC1: printf
VAR1: count
VAR2: index
TYPE1: int
TYPE2: char

### Explanation:
The function is given as follows:

```c
ulong [FUNC1] ([TYPE1] [VAR1] )
{
  char cVar1;
  uint uVar2;
  char *pcVar4;
  int iVar3;
  
  cVar1 = *[VAR1] ;
  uVar2 = (int)cVar1;
  if ((byte)(cVar1 + 0xbfU) < 0x1a) {
    uVar2 = (int)cVar1 + 0x20;
  }
  if (uVar2!= 0) {
    pcVar4 = (char *)((long)[VAR1] + 1);
    cVar1 = *(char *)((long)[VAR1] + 1);
    while (cVar1!= '\0') {
      iVar3 = (int)cVar1;
      if ((byte)(cVar1 + 0xbf
42	answer start
FUNC1: printf
VAR1: count
VAR2: index
TYPE1: int
TYPE2: char

### Explanation:
The function is a function pointer, and the function pointer is a pointer to a function. The function pointer is a pointer to a function. The function pointer is a pointer to a function. The function pointer is a pointer to a function. The function pointer is a pointer to a function. The function pointer is a pointer to a function. The function pointer is a pointer to a function. The function pointer is a pointer to a function. The function pointer is a pointer to a function. The function pointer is a pointer to a function. The function pointer is a pointer to a function. The function pointer is a pointer to a function. The function pointer is a pointer to a function. The function pointer is a pointer to a function. The function pointer is a pointer to a function. The function pointer is a pointer to a function. The function pointer is a pointer to a function. The function pointer is a pointer to a function. The function pointer is a pointer to a function. The function pointer is a pointer to a function. The function pointer is a pointer to a function. The function pointer is
43	answer start
### Explanation:

### Example:

### Answer:

### Explanation:

### Example:

### Answer:

### Explanation:

### Example:

### Answer:

### Explanation:

### Example:

### Answer:

### Explanation:

### Example:

### Answer:

### Explanation:

### Example:

### Answer:

### Explanation:

### Example:

### Answer:

### Explanation:

### Example:

### Answer:

### Explanation:

### Example:

### Answer:

### Explanation:

### Example:

### Answer:

### Explanation:

### Example:

### Answer:

### Explanation:

### Example:

### Answer:

### Explanation:

### Example:

### Answer:

### Explanation:

### Example:

### Answer:

### Explanation:

### Example:

### Answer:

### Explanation:

### Example:

### Answer:
44	answer start
### Explanation:

### Example:

```
#
45	answer start
The response is a string that describes the function and its arguments.

### Example:

```
FUNC1: printf
VAR1: count
VAR2: index
TYPE1: int
TYPE2: char
```

### Hints:

1. The function name is `FUNC1`
2. The variable name is `VAR1`
3. The type of the variable is `TYPE1`
4. The variable name is `VAR2`
5. The type of the variable is `TYPE2`
6. The variable name is `VAR3`
7. The type of the variable is `TYPE3`
8. The variable name is `VAR4`
9. The type of the variable is `TYPE4`
10. The variable name is `VAR5`
11. The type of the variable is `TYPE5`
12. The variable name is `VAR6`
13. The type of the variable is `TYPE6`
14. The variable name is `VAR7`
15. The type of the variable is `TYPE7`
16. The variable name is `V
46	answer start

47	answer start

48	answer start

49	answer start
FUNC1: printf
VAR1: count
VAR2: index
TYPE1: int
TYPE2: char

### Explanation:
The function is called [FUNC1] and the parameters are [TYPE1] [VAR1],[TYPE2] [VAR2],[TYPE3] [VAR3],[TYPE4] [VAR4],
[TYPE5] [VAR5],[TYPE6] [VAR6],[TYPE7] [VAR7],[TYPE8] [VAR8],
[TYPE9] [VAR9],[TYPE10] [VAR10],[TYPE11] [VAR11].

The function is called [FUNC1] and the parameters are [TYPE1] [VAR1],[TYPE2] [VAR2],[TYPE3] [VAR3],[TYPE4] [VAR4],
[TYPE5] [VAR5],[TYPE6] [VAR6],[TYPE7] [VAR7],[TYPE8] [VAR8],
50	answer start
### Explanation:

### Example:

### Answer:

### Explanation:

### Example:

### Answer:

### Explanation:

### Example:

### Answer:

### Explanation:

### Example:

### Answer:

### Explanation:

### Example:

### Answer:

### Explanation:

### Example:

### Answer:

### Explanation:

### Example:

### Answer:

### Explanation:

### Example:

### Answer:

### Explanation:

### Example:

### Answer:

### Explanation:

### Example:

### Answer:

### Explanation:

### Example:

### Answer:

### Explanation:

### Example:

### Answer:

### Explanation:

### Example:

### Answer:

### Explanation:

### Example:

### Answer:

### Explanation:

### Example:

### Answer:

### Explanation:

### Example:

### Answer:
51	answer start
[FUNC1]: printf
[VAR1]: count
[VAR2]: index
[TYPE1]: int
[TYPE2]: char

### Explanation:

[FUNC1]: printf
[VAR1]: count
[VAR2]: index
[TYPE1]: int
[TYPE2]: char

[FUNC3]: BN_new
[VAR1]: count
[VAR2]: index
[TYPE1]: int
[TYPE2]: char

[FUNC2]: BN_add_word
[VAR1]: count
[VAR2]: index
[TYPE1]: int
[TYPE2]: char

[FUNC3]: BN_rshift
[VAR1]: count
[VAR2]: index
[TYPE1]: int
[TYPE2]: char

[FUNC3]: BN_rshift1
[VAR1]: count
[VAR2]: index
[TYPE1]: int
[TYPE2]: char

[FUNC3]: BN_rshift1
[VAR1]: count
[VAR2]: index
[TYPE
52	answer start
### Explanation:

### Example:

### Answer:

### Explanation:

### Example:

### Answer:

### Explanation:

### Example:

### Answer:

### Explanation:

### Example:

### Answer:

### Explanation:

### Example:

### Answer:

### Explanation:

### Example:

### Answer:

### Explanation:

### Example:

### Answer:

### Explanation:

### Example:

### Answer:

### Explanation:

### Example:

### Answer:

### Explanation:

### Example:

### Answer:

### Explanation:

### Example:

### Answer:

### Explanation:

### Example:

### Answer:

### Explanation:

### Example:

### Answer:

### Explanation:

### Example:

### Answer:

### Explanation:

### Example:

### Answer:

### Explanation:

### Example:

### Answer:
53	answer start
FUNC1: printf
VAR1: count
VAR2: index
TYPE1: int
TYPE2: char

### Explanation:
The function is called by the breakpoint::[FUNC1] (void) function. The breakpoint::[FUNC2] (bp_location *, breakpoint *) function is called by the breakpoint::[FUNC1] (void) function. The breakpoint::[FUNC3] (int) function is called by the breakpoint::[FUNC2] (bp_location *, breakpoint *) function.

### Explanation:
The breakpoint::[FUNC2] (bp_location *, breakpoint *) function is called by the breakpoint::[FUNC1] (void) function. The breakpoint::[FUNC3] (int) function is called by the breakpoint::[FUNC2] (bp_location *, breakpoint *) function.

### Explanation:
The breakpoint::[FUNC3] (int) function is called by the breakpoint::[FUNC2] (bp_location *, breakpoint *) function.

### Explanation:
The break
54	answer start
### Explanation:

### Example:

### Answer:

### Explanation:

### Example:

### Answer:

### Explanation:

### Example:

### Answer:

### Explanation:

### Example:

### Answer:

### Explanation:

### Example:

### Answer:

### Explanation:

### Example:

### Answer:

### Explanation:

### Example:

### Answer:

### Explanation:

### Example:

### Answer:

### Explanation:

### Example:

### Answer:

### Explanation:

### Example:

### Answer:

### Explanation:

### Example:

### Answer:

### Explanation:

### Example:

### Answer:

### Explanation:

### Example:

### Answer:

### Explanation:

### Example:

### Answer:

### Explanation:

### Example:

### Answer:

### Explanation:

### Example:

### Answer:
55	answer start
[FUNC1]: printf
[VAR1]: count
[VAR2]: index
[TYPE1]: int
[TYPE2]: char

### Explanation:

[VAR1] is a pointer to a stack.

[VAR2] is a pointer to a stack element.

[FUNC2] is a function that prints a message.

[FUNC3] is a function that prints a message.

[FUNC4] is a function that prints a message.

[TYPE1] is a type.

[TYPE2] is a type.

### Example:

```
#
56	answer start
The output should be:
FUNC1: printf
VAR1: count
VAR2: index
TYPE1: int
TYPE2: char

### Explanation:
The function is given as follows:
int [FUNC1] (TYPE10 [VAR1],[TYPE2] [VAR2],[TYPE3] [VAR3],[TYPE4] [VAR4] )
{
  char cVar1;
  OSSL_PARAM_BLD_DEF *pOVar2;
  TYPE59 [VAR5] ;
  long lVar3;
  int size;
  [TYPE3] pcVar4;
  
  if ([VAR4] == 0) {
    lVar3 = -1;
    pcVar4 = [VAR3] ;
    do {
      if (lVar3 == 0) break;
      lVar3 = lVar3 + -1;
      cVar1 = *pcVar4;
      pcVar4 = pcVar4 + 1;
    } while (cVar1!= '\0');
    size =
57	answer start
FUNC1: printf
VAR1: count
VAR2: index
TYPE1: int
TYPE2: char

### Explanation:
The function is decompiled to the following C code:
ulong [FUNC1] (long param_1,long param_2,long param_3,long param_4)
{
  ulong uVar1;
  ulong uVar2;
  int iVar3;
  char cVar4;
  long lVar5;
  ulong uVar6;
  ulong uVar7;
  int iVar8;
  char cVar9;
  long lVar10;
  ulong uVar11;
  ulong uVar12;
  int iVar13;
  char cVar14;
  long lVar15;
  ulong uVar16;
  ulong uVar17;
  int iVar18;
  char cVar19;
  long lVar20;
  ulong uVar21;
  ulong uVar22;
  int iVar23;
  char cVar24;
58	answer start
FUNC1: printf
VAR1: count
VAR2: index
TYPE1: int
TYPE2: char

### Explanation:
The function is a C function, and the name of the function and the types and names of variables are changed to [FUNC], [VAR], and [TYPE].

The function is a C function, and the name of the function and the types and names of variables are changed to [FUNC], [VAR], and [TYPE].

The function is a C function, and the name of the function and the types and names of variables are changed to [FUNC], [VAR], and [TYPE].

The function is a C function, and the name of the function and the types and names of variables are changed to [FUNC], [VAR], and [TYPE].

The function is a C function, and the name of the function and the types and names of variables are changed to [FUNC], [VAR], and [TYPE].

The function is a C function, and the name of the function and the types and names of variables are changed to [FUNC], [VAR], and [TYPE].
59	answer start

60	answer start
The response is a C code of a function:
int [FUNC1] ([TYPE1] [VAR1],[TYPE2] [VAR2] )
{
  int iVar1;
  OSSL_PARAM *pOVar2;
  [TYPE4] [VAR4] ;
  TYPE35 [VAR3] ;
  
  pOVar2 = [FUNC2] ([VAR2],"encoded-pub-key");
  [VAR4]._0_4_ = 1;
  if ((pOVar2!= (OSSL_PARAM *)0x0) && ([VAR4]._0_4_ = 0, pOVar2->data_type == 5)) {
    iVar1 = [FUNC3] ((DH *)[VAR1],(uchar *)pOVar2->data,pOVar2->data_size);
    [VAR4]._0_4_ = (uint)(iVar1!= 0);
  }
  return (uint)[VAR4] ;
}
. Please provide the name of VAR
61	answer start
The response is as follows.

FUNC1: printf
VAR1: count
VAR2: index
TYPE1: int
TYPE2: char

### Explanation:

1. The first line is the name of the function.
2. The second line is the name of the variable.
3. The third line is the type of the variable.
4. The fourth line is the name of the function.
5. The fifth line is the name of the variable.
6. The sixth line is the type of the variable.
7. The seventh line is the name of the function.
8. The eighth line is the name of the variable.
9. The ninth line is the type of the variable.
10. The tenth line is the name of the function.
11. The eleventh line is the name of the variable.
12. The twelfth line is the type of the variable.
13. The thirteenth line is the name of the function.
14. The fourteenth line is the name of the variable.
15. The fifteenth line is the type of the variable.
16. The sixteenth line is the name of the function
62	answer start
### Explanation:

### Example:

### Answer:

### Explanation:

### Example:

### Answer:

### Explanation:

### Example:

### Answer:

### Explanation:

### Example:

### Answer:

### Explanation:

### Example:

### Answer:

### Explanation:

### Example:

### Answer:

### Explanation:

### Example:

### Answer:

### Explanation:

### Example:

### Answer:

### Explanation:

### Example:

### Answer:

### Explanation:

### Example:

### Answer:

### Explanation:

### Example:

### Answer:

### Explanation:

### Example:

### Answer:

### Explanation:

### Example:

### Answer:

### Explanation:

### Example:

### Answer:

### Explanation:

### Example:

### Answer:

### Explanation:

### Example:

### Answer:
63	answer start
FUNC1: printf
VAR1: count
VAR2: index
TYPE1: int
TYPE2: char

### Explanation:
The function is called by the function [FUNC1]. The function [FUNC1] is called by the function [FUNC1]. The function [FUNC1] is called by the function [FUNC1]. The function [FUNC1] is called by the function [FUNC1]. The function [FUNC1] is called by the function [FUNC1]. The function [FUNC1] is called by the function [FUNC1]. The function [FUNC1] is called by the function [FUNC1]. The function [FUNC1] is called by the function [FUNC1]. The function [FUNC1] is called by the function [FUNC1]. The function [FUNC1] is called by the function [FUNC1]. The function [FUNC1] is called by the function [FUNC1]. The function [FUNC1] is called by the function [FUNC1]. The function [FUNC1] is called by the function [FUNC1]. The function [FUNC1
64	answer start
FUNC1: printf
VAR1: count
VAR2: index
TYPE1: int
TYPE2: char

FUNC2: memcpy
VAR1: count
VAR2: index
TYPE1: int
TYPE2: char

FUNC3: memset
VAR1: count
VAR2: index
TYPE1: int
TYPE2: char

FUNC4: memcpy
VAR1: count
VAR2: index
TYPE1: int
TYPE2: char

FUNC5: memcpy
VAR1: count
VAR2: index
TYPE1: int
TYPE2: char

"""

"""
## Exercise 2

### Instruction:
Write a program that prints the following output.

### Input:
Write a program that prints the following output.
65	answer start
[FUNC1]: printf
[VAR1]: count
[VAR2]: index
[TYPE1]: int
[TYPE2]: char
[TYPE3]: int

### Hints:

1. The function is called [FUNC1] and the name of the function is [FUNC1].
2. The type of [VAR1] is [TYPE1].
3. The type of [VAR2] is [TYPE2].
4. The type of [VAR3] is [TYPE3].
5. The type of [VAR1] is [TYPE1].
6. The type of [VAR2] is [TYPE2].
7. The type of [VAR3] is [TYPE3].
8. The type of [VAR1] is [TYPE1].
9. The type of [VAR2] is [TYPE2].
10. The type of [VAR3] is [TYPE3].
11. The type of [VAR1] is [TYPE1].
12. The type of [VAR2] is [TYPE2].
13. The type of [VAR3
66	answer start
[FUNC1]: printf
[VAR1]: count
[VAR2]: index
[TYPE1]: int
[TYPE2]: char

### Hints:

1. The function should be written in a way that the compiler can understand.
2. The function should be written in a way that the compiler can understand.
3. The function should be written in a way that the compiler can understand.
4. The function should be written in a way that the compiler can understand.
5. The function should be written in a way that the compiler can understand.
6. The function should be written in a way that the compiler can understand.
7. The function should be written in a way that the compiler can understand.
8. The function should be written in a way that the compiler can understand.
9. The function should be written in a way that the compiler can understand.
10. The function should be written in a way that the compiler can understand.
11. The function should be written in a way that the compiler can understand.
12. The function should be written in a way that the compiler can understand.
13. The function should be written in a way that
67	answer start
[FUNC1]: printf
[VAR1]: count
[VAR2]: index
[TYPE1]: int
[TYPE2]: char

### Explanation:

[FUNC1]: printf
[VAR1]: count
[VAR2]: index
[TYPE1]: int
[TYPE2]: char

[FUNC2]: SHA1_Init
[VAR1]: count
[VAR2]: index
[TYPE1]: int
[TYPE2]: char

[FUNC3]: get_random_bytes
[VAR1]: count
[VAR2]: index
[TYPE1]: int
[TYPE2]: char

[FUNC4]: printf
[VAR1]: count
[VAR2]: index
[TYPE1]: int
[TYPE2]: char

[FUNC2]: SHA1_Update
[VAR1]: count
[VAR2]: index
[TYPE1]: int
[TYPE2]: char

[FUNC3]: get_random_bytes
[VAR1]: count
[VAR2]: index
[TYPE1]: int
[TYPE2]:
68	answer start

69	answer start
### Explanation:

### Example:

### Answer:

### Explanation:

### Example:

### Answer:

### Explanation:

### Example:

### Answer:

### Explanation:

### Example:

### Answer:

### Explanation:

### Example:

### Answer:

### Explanation:

### Example:

### Answer:

### Explanation:

### Example:

### Answer:

### Explanation:

### Example:

### Answer:

### Explanation:

### Example:

### Answer:

### Explanation:

### Example:

### Answer:

### Explanation:

### Example:

### Answer:

### Explanation:

### Example:

### Answer:

### Explanation:

### Example:

### Answer:

### Explanation:

### Example:

### Answer:

### Explanation:

### Example:

### Answer:

### Explanation:

### Example:

### Answer:
70	answer start
### Explanation:

### Example:

### Answer:

### Explanation:

### Example:

### Answer:

### Explanation:

### Example:

### Answer:

### Explanation:

### Example:

### Answer:

### Explanation:

### Example:

### Answer:

### Explanation:

### Example:

### Answer:

### Explanation:

### Example:

### Answer:

### Explanation:

### Example:

### Answer:

### Explanation:

### Example:

### Answer:

### Explanation:

### Example:

### Answer:

### Explanation:

### Example:

### Answer:

### Explanation:

### Example:

### Answer:

### Explanation:

### Example:

### Answer:

### Explanation:

### Example:

### Answer:

### Explanation:

### Example:

### Answer:

### Explanation:

### Example:

### Answer:
71	answer start
### Explanation:

### Example:

### Answer:

### Explanation:

### Example:

### Answer:

### Explanation:

### Example:

### Answer:

### Explanation:

### Example:

### Answer:

### Explanation:

### Example:

### Answer:

### Explanation:

### Example:

### Answer:

### Explanation:

### Example:

### Answer:

### Explanation:

### Example:

### Answer:

### Explanation:

### Example:

### Answer:

### Explanation:

### Example:

### Answer:

### Explanation:

### Example:

### Answer:

### Explanation:

### Example:

### Answer:

### Explanation:

### Example:

### Answer:

### Explanation:

### Example:

### Answer:

### Explanation:

### Example:

### Answer:

### Explanation:

### Example:

### Answer:
72	answer start
FUNC1: printf
VAR1: count
VAR2: index
TYPE1: int
TYPE2: char

### Explanation:

The function is a recursive function. The first line of the function is a declaration of a variable, which is a pointer to a structure. The structure is a pointer to a structure. The structure is a pointer to a structure. The structure is a pointer to a structure. The structure is a pointer to a structure. The structure is a pointer to a structure. The structure is a pointer to a structure. The structure is a pointer to a structure. The structure is a pointer to a structure. The structure is a pointer to a structure. The structure is a pointer to a structure. The structure is a pointer to a structure. The structure is a pointer to a structure. The structure is a pointer to a structure. The structure is a pointer to a structure. The structure is a pointer to a structure. The structure is a pointer to a structure. The structure is a pointer to a structure. The structure is a pointer to a structure. The structure is a pointer to a structure. The structure is a pointer to a structure. The structure is a pointer to a structure. The structure is
73	answer start
### Explanation:

### Example:

### Answer:

### Explanation:

### Example:

### Answer:

### Explanation:

### Example:

### Answer:

### Explanation:

### Example:

### Answer:

### Explanation:

### Example:

### Answer:

### Explanation:

### Example:

### Answer:

### Explanation:

### Example:

### Answer:

### Explanation:

### Example:

### Answer:

### Explanation:

### Example:

### Answer:

### Explanation:

### Example:

### Answer:

### Explanation:

### Example:

### Answer:

### Explanation:

### Example:

### Answer:

### Explanation:

### Example:

### Answer:

### Explanation:

### Example:

### Answer:

### Explanation:

### Example:

### Answer:

### Explanation:

### Example:

### Answer:
